<?xml version="1.0" encoding="UTF-8"?>
<!-- Generated by org.testng.reporters.JUnitXMLReporter -->
<testsuite hostname="GAJENDRA-LAPTOP" ignored="0" name="Default test" tests="3" failures="3" timestamp="2024-03-23T02:06:47 IST" time="5.092" errors="0">
  <testcase name="runScenario" time="0.569" classname="io.cucumber.testng.AbstractTestNGCucumberTests">
    <failure type="java.lang.IllegalArgumentException" message="Input must be set">
      <![CDATA[java.lang.IllegalArgumentException: Input must be set
at org.openqa.selenium.internal.Require.nonNull(Require.java:60)
at org.openqa.selenium.support.ui.FluentWait.<init>(FluentWait.java:94)
at org.openqa.selenium.support.ui.WebDriverWait.<init>(WebDriverWait.java:74)
at org.openqa.selenium.support.ui.WebDriverWait.<init>(WebDriverWait.java:43)
at com.ui.automationassignment.utils.Utils.waitElement(Utils.java:86)
at com.ui.automationassignment.utils.Utils.waitforElementToBeVisible(Utils.java:106)
at com.ui.automationassignment.pom.HomePageObjects.setProduct(HomePageObjects.java:25)
at com.ui.automationassignment.actions.HomePageAction.setProductInSearchBoxAndClicked(HomePageAction.java:10)
at stepdefinitions.AddCartStepDefinition.lambda$0(AddCartStepDefinition.java:24)
at ✽.I Search for an item "Monitor" and clicked on search icon(file:///E:/eclipse_Workspace/WorkspaceTesting/AanchalAutomationWorkspace/lw-assignment-automation-framework/src/main/resources/features/add-to-cart.feature:4)
]]>
    </failure>
  </testcase> <!-- runScenario -->
  <testcase name="runScenario" time="0.061" classname="io.cucumber.testng.AbstractTestNGCucumberTests">
    <failure type="java.lang.IllegalArgumentException" message="Input must be set">
      <![CDATA[java.lang.IllegalArgumentException: Input must be set
at org.openqa.selenium.internal.Require.nonNull(Require.java:60)
at org.openqa.selenium.support.ui.FluentWait.<init>(FluentWait.java:94)
at org.openqa.selenium.support.ui.WebDriverWait.<init>(WebDriverWait.java:74)
at org.openqa.selenium.support.ui.WebDriverWait.<init>(WebDriverWait.java:43)
at com.ui.automationassignment.utils.Utils.waitElement(Utils.java:86)
at com.ui.automationassignment.utils.Utils.waitforElementToBeVisible(Utils.java:106)
at com.ui.automationassignment.pom.HomePageObjects.setProduct(HomePageObjects.java:25)
at com.ui.automationassignment.actions.HomePageAction.setProductInSearchBoxAndClicked(HomePageAction.java:10)
at stepdefinitions.AddCartStepDefinition.lambda$0(AddCartStepDefinition.java:24)
at ✽.I Search for an item "Laptop" and clicked on search icon(file:///E:/eclipse_Workspace/WorkspaceTesting/AanchalAutomationWorkspace/lw-assignment-automation-framework/src/main/resources/features/add-to-cart.feature:4)
]]>
    </failure>
  </testcase> <!-- runScenario -->
  <testcase name="runScenario" time="0.031" classname="io.cucumber.testng.AbstractTestNGCucumberTests">
    <failure type="java.lang.IllegalArgumentException" message="Input must be set">
      <![CDATA[java.lang.IllegalArgumentException: Input must be set
at org.openqa.selenium.internal.Require.nonNull(Require.java:60)
at org.openqa.selenium.support.ui.FluentWait.<init>(FluentWait.java:94)
at org.openqa.selenium.support.ui.WebDriverWait.<init>(WebDriverWait.java:74)
at org.openqa.selenium.support.ui.WebDriverWait.<init>(WebDriverWait.java:43)
at com.ui.automationassignment.utils.Utils.waitElement(Utils.java:86)
at com.ui.automationassignment.utils.Utils.waitforElementToBeVisible(Utils.java:106)
at com.ui.automationassignment.pom.HomePageObjects.setProduct(HomePageObjects.java:25)
at com.ui.automationassignment.actions.HomePageAction.setProductInSearchBoxAndClicked(HomePageAction.java:10)
at stepdefinitions.AddCartStepDefinition.lambda$0(AddCartStepDefinition.java:24)
at ✽.I Search for an item "Headphone" and clicked on search icon(file:///E:/eclipse_Workspace/WorkspaceTesting/AanchalAutomationWorkspace/lw-assignment-automation-framework/src/main/resources/features/add-to-cart.feature:20)
]]>
    </failure>
  </testcase> <!-- runScenario -->
</testsuite> <!-- Default test -->
